Iteration 1 for threads_auto...
============================= test session starts ==============================
platform linux -- Python 3.12.3, pytest-8.3.4, pluggy-1.5.0
rootdir: /home/pakambo/Documents/6th sem/cse202/lab6/algorithms
plugins: xdist-3.6.1, run-parallel-0.3.1
collected 414 items

tests/test_array.py ...........................                          [  6%]
tests/test_automata.py .                                                 [  6%]
tests/test_backtrack.py .........................                        [ 12%]
tests/test_bfs.py ...                                                    [ 13%]
tests/test_bit.py .............................                          [ 20%]
tests/test_compression.py F....                                          [ 21%]
tests/test_dfs.py ........                                               [ 23%]
tests/test_dp.py ...............................                         [ 31%]
tests/test_graph.py ....................                                 [ 35%]
tests/test_greedy.py .                                                   [ 36%]
tests/test_heap.py FF...                                                 [ 37%]
tests/test_histogram.py .                                                [ 37%]
tests/test_iterative_segment_tree.py .........                           [ 39%]
tests/test_linkedlist.py .F..........                                    [ 42%]
tests/test_map.py .........................                              [ 48%]
tests/test_maths.py ..................................................   [ 60%]
tests/test_matrix.py .............                                       [ 64%]
tests/test_ml.py ..                                                      [ 64%]
tests/test_monomial.py ........                                          [ 66%]
tests/test_polynomial.py .......                                         [ 68%]
tests/test_queues.py .....                                               [ 69%]
tests/test_search.py .............                                       [ 72%]
tests/test_set.py .                                                      [ 72%]
tests/test_sort.py ....................                                  [ 77%]
tests/test_stack.py ..........                                           [ 79%]
tests/test_streaming.py ....                                             [ 80%]
tests/test_strings.py .................................................. [ 92%]
..............                                                           [ 96%]
tests/test_tree.py ...........                                           [ 99%]
tests/test_unix.py ....                                                  [100%]

=================================== FAILURES ===================================
____________________ TestHuffmanCoding.test_huffman_coding _____________________
tests/test_compression.py:30: in test_huffman_coding
    self.assertEqual(content_1, content_2)
E   AssertionError: b'G\xf4\xb2\xda\x9c/4?\xf8\x8b\x17B\x98Z\xe[28793 chars]qE]?' != b''
----------------------------- Captured stdout call -----------------------------
File encoded.
File decoded.
File encoded.
File decoded.
File encoded.
File decoded.
File encoded.
File decoded.
File encoded.
File decoded.
File encoded.
File decoded.
File encoded.
File decoded.
File encoded.
File decoded.
File encoded.
File decoded.
File encoded.
File encoded.
File decoded.
File decoded.
File encoded.
File decoded.
__________________________ TestBinaryHeap.test_insert __________________________
tests/test_heap.py:29: in test_insert
    self.assertEqual([0, 2, 50, 4, 55, 90, 87, 7],
E   AssertionError: Lists differ: [0, 2, 50, 4, 55, 90, 87, 7] != [0, 2, 2, 4, 50, 90, 87, 7, 55]
E   
E   First differing element 2:
E   50
E   2
E   
E   Second list contains 1 additional elements.
E   First extra element 8:
E   55
E   
E   - [0, 2, 50, 4, 55, 90, 87, 7]
E   + [0, 2, 2, 4, 50, 90, 87, 7, 55]
________________________ TestBinaryHeap.test_remove_min ________________________
tests/test_heap.py:38: in test_remove_min
    self.assertEqual(4, ret)
E   AssertionError: 4 != 7
_________________________ TestSuite.test_is_palindrome _________________________
tests/test_linkedlist.py:167: in test_is_palindrome
    self.assertTrue(is_palindrome(self.l))
E   AssertionError: False is not true
=========================== short test summary info ============================
FAILED tests/test_compression.py::TestHuffmanCoding::test_huffman_coding - As...
FAILED tests/test_heap.py::TestBinaryHeap::test_insert - AssertionError: List...
FAILED tests/test_heap.py::TestBinaryHeap::test_remove_min - AssertionError: ...
FAILED tests/test_linkedlist.py::TestSuite::test_is_palindrome - AssertionErr...
======================== 4 failed, 410 passed in 43.61s ========================
Iteration 2 for threads_auto...
============================= test session starts ==============================
platform linux -- Python 3.12.3, pytest-8.3.4, pluggy-1.5.0
rootdir: /home/pakambo/Documents/6th sem/cse202/lab6/algorithms
plugins: xdist-3.6.1, run-parallel-0.3.1
collected 414 items

tests/test_array.py ...........................                          [  6%]
tests/test_automata.py .                                                 [  6%]
tests/test_backtrack.py .........................                        [ 12%]
tests/test_bfs.py ...                                                    [ 13%]
tests/test_bit.py .............................                          [ 20%]
tests/test_compression.py F....                                          [ 21%]
tests/test_dfs.py ........                                               [ 23%]
tests/test_dp.py ...............................                         [ 31%]
tests/test_graph.py ....................                                 [ 35%]
tests/test_greedy.py .                                                   [ 36%]
tests/test_heap.py FF...                                                 [ 37%]
tests/test_histogram.py .                                                [ 37%]
tests/test_iterative_segment_tree.py .........                           [ 39%]
tests/test_linkedlist.py .F..........                                    [ 42%]
tests/test_map.py .........................                              [ 48%]
tests/test_maths.py ..................................................   [ 60%]
tests/test_matrix.py .............                                       [ 64%]
tests/test_ml.py ..                                                      [ 64%]
tests/test_monomial.py ........                                          [ 66%]
tests/test_polynomial.py .......                                         [ 68%]
tests/test_queues.py .....                                               [ 69%]
tests/test_search.py .............                                       [ 72%]
tests/test_set.py .                                                      [ 72%]
tests/test_sort.py ....................                                  [ 77%]
tests/test_stack.py ..........                                           [ 79%]
tests/test_streaming.py ....                                             [ 80%]
tests/test_strings.py .................................................. [ 92%]
..............                                                           [ 96%]
tests/test_tree.py ...........                                           [ 99%]
tests/test_unix.py ....                                                  [100%]

=================================== FAILURES ===================================
____________________ TestHuffmanCoding.test_huffman_coding _____________________
tests/test_compression.py:30: in test_huffman_coding
    self.assertEqual(content_1, content_2)
E   AssertionError: b'G\xf4\xb2\xda\x9c/4?\xf8\x8b\x17B\x98Z\xe[28793 chars]qE]?' != b''
----------------------------- Captured stdout call -----------------------------
File encoded.
File decoded.
File encoded.
File decoded.
File encoded.
File decoded.File encoded.

File encoded.
File decoded.
File encoded.File decoded.File encoded.


File decoded.
File decoded.
File encoded.
File decoded.
File encoded.
File encoded.
File decoded.
File decoded.
File encoded.
File decoded.
File encoded.
File decoded.
__________________________ TestBinaryHeap.test_insert __________________________
tests/test_heap.py:29: in test_insert
    self.assertEqual([0, 2, 50, 4, 55, 90, 87, 7],
E   AssertionError: Lists differ: [0, 2, 50, 4, 55, 90, 87, 7] != [0, 2, 2, 4, 50, 90, 87, 7, 55]
E   
E   First differing element 2:
E   50
E   2
E   
E   Second list contains 1 additional elements.
E   First extra element 8:
E   55
E   
E   - [0, 2, 50, 4, 55, 90, 87, 7]
E   + [0, 2, 2, 4, 50, 90, 87, 7, 55]
________________________ TestBinaryHeap.test_remove_min ________________________
tests/test_heap.py:38: in test_remove_min
    self.assertEqual(4, ret)
E   AssertionError: 4 != 7
_________________________ TestSuite.test_is_palindrome _________________________
tests/test_linkedlist.py:167: in test_is_palindrome
    self.assertTrue(is_palindrome(self.l))
E   AssertionError: False is not true
=========================== short test summary info ============================
FAILED tests/test_compression.py::TestHuffmanCoding::test_huffman_coding - As...
FAILED tests/test_heap.py::TestBinaryHeap::test_insert - AssertionError: List...
FAILED tests/test_heap.py::TestBinaryHeap::test_remove_min - AssertionError: ...
FAILED tests/test_linkedlist.py::TestSuite::test_is_palindrome - AssertionErr...
======================== 4 failed, 410 passed in 44.94s ========================
Iteration 3 for threads_auto...
============================= test session starts ==============================
platform linux -- Python 3.12.3, pytest-8.3.4, pluggy-1.5.0
rootdir: /home/pakambo/Documents/6th sem/cse202/lab6/algorithms
plugins: xdist-3.6.1, run-parallel-0.3.1
collected 414 items

tests/test_array.py ...........................                          [  6%]
tests/test_automata.py .                                                 [  6%]
tests/test_backtrack.py .........................                        [ 12%]
tests/test_bfs.py ...                                                    [ 13%]
tests/test_bit.py .............................                          [ 20%]
tests/test_compression.py F....                                          [ 21%]
tests/test_dfs.py ........                                               [ 23%]
tests/test_dp.py ...............................                         [ 31%]
tests/test_graph.py ....................                                 [ 35%]
tests/test_greedy.py .                                                   [ 36%]
tests/test_heap.py FF...                                                 [ 37%]
tests/test_histogram.py .                                                [ 37%]
tests/test_iterative_segment_tree.py .........                           [ 39%]
tests/test_linkedlist.py .F..........                                    [ 42%]
tests/test_map.py .........................                              [ 48%]
tests/test_maths.py ..................................................   [ 60%]
tests/test_matrix.py .............                                       [ 64%]
tests/test_ml.py ..                                                      [ 64%]
tests/test_monomial.py ........                                          [ 66%]
tests/test_polynomial.py .......                                         [ 68%]
tests/test_queues.py .....                                               [ 69%]
tests/test_search.py .............                                       [ 72%]
tests/test_set.py .                                                      [ 72%]
tests/test_sort.py ....................                                  [ 77%]
tests/test_stack.py ..........                                           [ 79%]
tests/test_streaming.py ....                                             [ 80%]
tests/test_strings.py .................................................. [ 92%]
..............                                                           [ 96%]
tests/test_tree.py ...........                                           [ 99%]
tests/test_unix.py ....                                                  [100%]

=================================== FAILURES ===================================
____________________ TestHuffmanCoding.test_huffman_coding _____________________
tests/test_compression.py:30: in test_huffman_coding
    self.assertEqual(content_1, content_2)
E   AssertionError: b'G\xf4\xb2\xda\x9c/4?\xf8\x8b\x17B\x98Z\xe[28793 chars]qE]?' != b''
----------------------------- Captured stdout call -----------------------------
File encoded.
File decoded.
File encoded.
File decoded.
File encoded.
File encoded.
File decoded.
File decoded.
File encoded.
File decoded.
File encoded.
File decoded.
File encoded.
File decoded.
File encoded.
File decoded.
File encoded.
File decoded.
File encoded.
File decoded.
File encoded.
File decoded.
File encoded.
File decoded.
__________________________ TestBinaryHeap.test_insert __________________________
tests/test_heap.py:29: in test_insert
    self.assertEqual([0, 2, 50, 4, 55, 90, 87, 7],
E   AssertionError: Lists differ: [0, 2, 50, 4, 55, 90, 87, 7] != [0, 2, 2, 4, 50, 90, 87, 7, 55]
E   
E   First differing element 2:
E   50
E   2
E   
E   Second list contains 1 additional elements.
E   First extra element 8:
E   55
E   
E   - [0, 2, 50, 4, 55, 90, 87, 7]
E   + [0, 2, 2, 4, 50, 90, 87, 7, 55]
________________________ TestBinaryHeap.test_remove_min ________________________
tests/test_heap.py:38: in test_remove_min
    self.assertEqual(4, ret)
E   AssertionError: 4 != 7
_________________________ TestSuite.test_is_palindrome _________________________
tests/test_linkedlist.py:167: in test_is_palindrome
    self.assertTrue(is_palindrome(self.l))
E   AssertionError: False is not true
=========================== short test summary info ============================
FAILED tests/test_compression.py::TestHuffmanCoding::test_huffman_coding - As...
FAILED tests/test_heap.py::TestBinaryHeap::test_insert - AssertionError: List...
FAILED tests/test_heap.py::TestBinaryHeap::test_remove_min - AssertionError: ...
FAILED tests/test_linkedlist.py::TestSuite::test_is_palindrome - AssertionErr...
======================== 4 failed, 410 passed in 44.69s ========================
